
### Задание 1

Напишите запрос к учебной базе данных, который вернёт процентное отношение общего размера всех индексов к общему размеру всех таблиц.

```sql
mysql> SELECT  SUM(index_length), SUM(data_length), CONCAT((SUM(index_length) / SUM(data_length)) * 100) AS Percent
    -> FROM INFORMATION_SCHEMA.TABLES
    -> WHERE TABLE_SCHEMA = 'sakila';
```
```tabl
+-------------------+------------------+---------+
| SUM(index_length) | SUM(data_length) | Percent |
+-------------------+------------------+---------+
|           2392064 |          4571136 | 52.3297 |
+-------------------+------------------+---------+
1 row in set (0.00 sec)
```

### Задание 2

Выполните explain analyze следующего запроса:
```sql
select distinct concat(c.last_name, ' ', c.first_name), sum(p.amount) over (partition by c.customer_id, f.title)
from payment p, rental r, customer c, inventory i, film f
where date(p.payment_date) = '2005-07-30' and p.payment_date = r.rental_date and r.customer_id = c.customer_id and i.inventory_id = r.inventory_id
```
- перечислите узкие места;

Учитывая результат, который выдает список клиентов с суммами заказов на определенную дату, очень много лишних данных, которые тянутся в запросе и не используются в ответе.
Только убрав лишние film, inventory, убрав distinct и over (partition by c.customer_id, f.title) уже сократим запрос и нагрузку
- оптимизируйте запрос: внесите корректировки по использованию операторов, при необходимости добавьте индексы.

Выдача EXPLAIN ANALYZE:
```sql
-> Limit: 100000 row(s)  (cost=0..0 rows=0) (actual time=11122..11122 rows=391 loops=1)
    -> Table scan on <temporary>  (cost=2.5..2.5 rows=0) (actual time=11122..11122 rows=391 loops=1)
        -> Temporary table with deduplication  (cost=0..0 rows=0) (actual time=11122..11122 rows=391 loops=1)
            -> Window aggregate with buffering: sum(payment.amount) OVER (PARTITION BY c.customer_id,f.title )   (actual time=4597..10756 rows=642000 loops=1)
                -> Sort: c.customer_id, f.title  (actual time=4597..4765 rows=642000 loops=1)
                    -> Stream results  (cost=21.6e+6 rows=16.3e+6) (actual time=0.74..2664 rows=642000 loops=1)
                        -> Nested loop inner join  (cost=21.6e+6 rows=16.3e+6) (actual time=0.729..2285 rows=642000 loops=1)
                            -> Nested loop inner join  (cost=20e+6 rows=16.3e+6) (actual time=0.719..2048 rows=642000 loops=1)
                                -> Nested loop inner join  (cost=18.3e+6 rows=16.3e+6) (actual time=0.708..1781 rows=642000 loops=1)
                                    -> Inner hash join (no condition)  (cost=1.61e+6 rows=16.1e+6) (actual time=0.684..108 rows=634000 loops=1)
                                        -> Filter: (cast(p.payment_date as date) = '2005-07-30')  (cost=1.68 rows=16086) (actual time=0.0629..13.8 rows=634 loops=1)
                                            -> Table scan on p  (cost=1.68 rows=16086) (actual time=0.0445..9.31 rows=16044 loops=1)
                                        -> Hash
                                            -> Covering index scan on f using idx_title  (cost=111 rows=1000) (actual time=0.0994..0.482 rows=1000 loops=1)
                                    -> Covering index lookup on r using rental_date (rental_date=p.payment_date)  (cost=0.938 rows=1.01) (actual time=0.0017..0.00244 rows=1.01 loops=634000)
                                -> Single-row index lookup on c using PRIMARY (customer_id=r.customer_id)  (cost=250e-6 rows=1) (actual time=190e-6..219e-6 rows=1 loops=642000)
                            -> Single-row covering index lookup on i using PRIMARY (inventory_id=r.inventory_id)  (cost=250e-6 rows=1) (actual time=162e-6..193e-6 rows=1 loops=642000)


```


Индексы:
```sql
CREATE INDEX payment_date on payment(payment_date);
```

Сам запрос обновил, добавив JOIN
```sql
SELECT CONCAT(c.last_name, ' ', c.first_name), SUM(p.amount) FROM customer c
JOIN rental r on r.customer_id = c.customer_id
JOIN payment p on p.payment_date = r.rental_date and DATE(p.payment_date) = '2005-07-30'
GROUP BY c.last_name, c.first_name;
```
Выдача EXPLAIN ANALYZE:
```sql
-> Limit: 100000 row(s)  (actual time=15.7..15.8 rows=391 loops=1)
    -> Table scan on <temporary>  (actual time=15.7..15.8 rows=391 loops=1)
        -> Aggregate using temporary table  (actual time=15.7..15.7 rows=391 loops=1)
            -> Nested loop inner join  (cost=12981 rows=16282) (actual time=0.131..14.2 rows=642 loops=1)
                -> Nested loop inner join  (cost=7283 rows=16282) (actual time=0.12..13.2 rows=642 loops=1)
                    -> Filter: (cast(p.payment_date as date) = '2005-07-30')  (cost=1633 rows=16086) (actual time=0.0957..10.8 rows=634 loops=1)
                        -> Table scan on p  (cost=1633 rows=16086) (actual time=0.0668..8.35 rows=16044 loops=1)
                    -> Covering index lookup on r using rental_date (rental_date=p.payment_date)  (cost=0.25 rows=1.01) (actual time=0.00238..0.00361 rows=1.01 loops=634)
                -> Single-row index lookup on c using PRIMARY (customer_id=r.customer_id)  (cost=0.25 rows=1) (actual time=0.00124..0.00127 rows=1 loops=642)

```

## Обновление после доработки
```sql
EXPLAIN ANALYZE
SELECT concat(c.last_name, ' ', c.first_name) AS customers, SUM(p.amount)
FROM customer c
JOIN rental r ON c.customer_id = r.customer_id 
JOIN payment p ON r.rental_date = p.payment_date 
-- WHERE payment_date >= 2005-07-30 and payment_date < DATE_ADD(2005-07-30, INTERVAL 1 DAY) 
WHERE p.payment_date >= '2005-07-30 00:00:00' and p.payment_date < date_add('2005-07-30 00:00:00', interval 1 day)
GROUP BY c.customer_id;
```

```sql
-> Limit: 100000 row(s)  (actual time=6.15..6.25 rows=391 loops=1)
    -> Table scan on <temporary>  (actual time=6.15..6.23 rows=391 loops=1)
        -> Aggregate using temporary table  (actual time=6.15..6.15 rows=391 loops=1)
            -> Nested loop inner join  (cost=932 rows=645) (actual time=0.153..5.42 rows=642 loops=1)
                -> Nested loop inner join  (cost=706 rows=634) (actual time=0.118..1.82 rows=634 loops=1)
                    -> Filter: ((r.rental_date >= TIMESTAMP'2005-07-30 00:00:00') and (r.rental_date < <cache>(('2005-07-30 00:00:00' + interval 1 day))))  (cost=127 rows=634) (actual time=0.0343..0.498 rows=634 loops=1)
                        -> Covering index range scan on r using rental_date over ('2005-07-30 00:00:00' <= rental_date < '2005-07-31 00:00:00')  (cost=127 rows=634) (actual time=0.0296..0.349 rows=634 loops=1)
                    -> Single-row index lookup on c using PRIMARY (customer_id=r.customer_id)  (cost=0.813 rows=1) (actual time=0.0019..0.00193 rows=1 loops=634)
                -> Index lookup on p using payment_date (payment_date=r.rental_date)  (cost=0.254 rows=1.02) (actual time=0.00489..0.00543 rows=1.01 loops=634)
```

![redis](https://github.com/AgvidoDev/sdb-homeworks/blob/main/12-05-01.jpg)






## Дополнительные задания (со звёздочкой*)
Эти задания дополнительные, то есть не обязательные к выполнению, и никак не повлияют на получение вами зачёта по этому домашнему заданию. Вы можете их выполнить, если хотите глубже шире разобраться в материале.

### Задание 3*

Самостоятельно изучите, какие типы индексов используются в PostgreSQL. Перечислите те индексы, которые используются в PostgreSQL, а в MySQL — нет.

*Приведите ответ в свободной форме.*

